2020-09-14 11:03:45,378 [Worker-3: Loading available Gradle versions] INFO  o.e.b.c.i.u.g.PublishedGradleVersions - Gradle version information cache is up-to-date. Trying to read.
2020-09-14 11:05:03,948 [Worker-21: Creating maven-archetype-quickstart] INFO  o.e.m.c.i.p.ProjectConfigurationManager - Collecting project info '/pom.xml' C:\Users\colin\eclipse-workspace\Week 14 Assignment\inventorymanagement\pom.xml
2020-09-14 11:05:04,574 [Worker-21: Creating maven-archetype-quickstart] INFO  o.e.m.c.i.l.LifecycleMappingFactory - Using org.eclipse.m2e.jdt.JarLifecycleMapping lifecycle mapping for MavenProject: com.promineotech:inventorymanagement:0.0.1-SNAPSHOT @ C:\Users\colin\eclipse-workspace\Week 14 Assignment\inventorymanagement\pom.xml.
2020-09-14 11:05:04,788 [Worker-21: Creating maven-archetype-quickstart] INFO  o.e.m.j.i.AbstractJavaProjectConfigurator - Adding source folder /inventorymanagement/src/main/java
2020-09-14 11:05:04,792 [Worker-21: Creating maven-archetype-quickstart] INFO  o.e.m.j.i.AbstractJavaProjectConfigurator - Adding source folder /inventorymanagement/src/test/java
2020-09-14 11:05:05,360 [Worker-21: Creating maven-archetype-quickstart] INFO  o.e.m.c.i.p.ProjectConfigurationManager - Imported and configured 1 project(s) in 1 sec
2020-09-14 11:05:05,945 [Worker-16: Building] INFO  o.e.m.c.i.embedder.EclipseLogger - Using 'UTF-8' encoding to copy filtered resources.
2020-09-14 11:05:05,945 [Worker-16: Building] INFO  o.e.m.c.i.embedder.EclipseLogger - skip non existing resourceDirectory C:\Users\colin\eclipse-workspace\Week 14 Assignment\inventorymanagement\src\main\resources
2020-09-14 11:05:05,948 [Worker-16: Building] INFO  o.e.m.c.i.embedder.EclipseLogger - Using 'UTF-8' encoding to copy filtered resources.
2020-09-14 11:05:05,948 [Worker-16: Building] INFO  o.e.m.c.i.embedder.EclipseLogger - skip non existing resourceDirectory C:\Users\colin\eclipse-workspace\Week 14 Assignment\inventorymanagement\src\test\resources
2020-09-14 11:06:38,785 [Worker-4: Building] INFO  o.e.m.c.i.embedder.EclipseLogger - Using 'UTF-8' encoding to copy filtered resources.
2020-09-14 11:06:38,785 [Worker-4: Building] INFO  o.e.m.c.i.embedder.EclipseLogger - skip non existing resourceDirectory C:\Users\colin\eclipse-workspace\Week 14 Assignment\inventorymanagement\src\main\resources
2020-09-14 11:06:38,787 [Worker-4: Building] INFO  o.e.m.c.i.embedder.EclipseLogger - Using 'UTF-8' encoding to copy filtered resources.
2020-09-14 11:06:38,788 [Worker-4: Building] INFO  o.e.m.c.i.embedder.EclipseLogger - skip non existing resourceDirectory C:\Users\colin\eclipse-workspace\Week 14 Assignment\inventorymanagement\src\test\resources
2020-09-14 11:06:48,744 [Worker-17: Building] INFO  o.e.m.c.i.embedder.EclipseLogger - Using 'UTF-8' encoding to copy filtered resources.
2020-09-14 11:06:48,744 [Worker-17: Building] INFO  o.e.m.c.i.embedder.EclipseLogger - skip non existing resourceDirectory C:\Users\colin\eclipse-workspace\Week 14 Assignment\inventorymanagement\src\main\resources
2020-09-14 11:06:48,745 [Worker-17: Building] INFO  o.e.m.c.i.embedder.EclipseLogger - Using 'UTF-8' encoding to copy filtered resources.
2020-09-14 11:06:48,745 [Worker-17: Building] INFO  o.e.m.c.i.embedder.EclipseLogger - skip non existing resourceDirectory C:\Users\colin\eclipse-workspace\Week 14 Assignment\inventorymanagement\src\test\resources
2020-09-14 11:06:58,947 [Worker-4: Building] INFO  o.e.m.c.i.embedder.EclipseLogger - Using 'UTF-8' encoding to copy filtered resources.
2020-09-14 11:06:58,947 [Worker-4: Building] INFO  o.e.m.c.i.embedder.EclipseLogger - skip non existing resourceDirectory C:\Users\colin\eclipse-workspace\Week 14 Assignment\inventorymanagement\src\main\resources
2020-09-14 11:06:58,949 [Worker-4: Building] INFO  o.e.m.c.i.embedder.EclipseLogger - Using 'UTF-8' encoding to copy filtered resources.
2020-09-14 11:06:58,949 [Worker-4: Building] INFO  o.e.m.c.i.embedder.EclipseLogger - skip non existing resourceDirectory C:\Users\colin\eclipse-workspace\Week 14 Assignment\inventorymanagement\src\test\resources
2020-09-14 11:07:09,539 [Worker-1: Building] INFO  o.e.m.c.i.embedder.EclipseLogger - Using 'UTF-8' encoding to copy filtered resources.
2020-09-14 11:07:09,539 [Worker-1: Building] INFO  o.e.m.c.i.embedder.EclipseLogger - skip non existing resourceDirectory C:\Users\colin\eclipse-workspace\Week 14 Assignment\inventorymanagement\src\main\resources
2020-09-14 11:07:09,540 [Worker-1: Building] INFO  o.e.m.c.i.embedder.EclipseLogger - Using 'UTF-8' encoding to copy filtered resources.
2020-09-14 11:07:09,541 [Worker-1: Building] INFO  o.e.m.c.i.embedder.EclipseLogger - skip non existing resourceDirectory C:\Users\colin\eclipse-workspace\Week 14 Assignment\inventorymanagement\src\test\resources
2020-09-14 11:07:23,003 [Worker-9: Building] INFO  o.e.m.c.i.embedder.EclipseLogger - Using 'UTF-8' encoding to copy filtered resources.
2020-09-14 11:07:23,004 [Worker-9: Building] INFO  o.e.m.c.i.embedder.EclipseLogger - skip non existing resourceDirectory C:\Users\colin\eclipse-workspace\Week 14 Assignment\inventorymanagement\src\main\resources
2020-09-14 11:07:23,004 [Worker-9: Building] INFO  o.e.m.c.i.embedder.EclipseLogger - Using 'UTF-8' encoding to copy filtered resources.
2020-09-14 11:07:23,005 [Worker-9: Building] INFO  o.e.m.c.i.embedder.EclipseLogger - skip non existing resourceDirectory C:\Users\colin\eclipse-workspace\Week 14 Assignment\inventorymanagement\src\test\resources
2020-09-14 11:07:56,452 [Worker-17: Building] INFO  o.e.m.c.i.embedder.EclipseLogger - Using 'UTF-8' encoding to copy filtered resources.
2020-09-14 11:07:56,452 [Worker-17: Building] INFO  o.e.m.c.i.embedder.EclipseLogger - skip non existing resourceDirectory C:\Users\colin\eclipse-workspace\Week 14 Assignment\inventorymanagement\src\main\resources
2020-09-14 11:07:56,453 [Worker-17: Building] INFO  o.e.m.c.i.embedder.EclipseLogger - Using 'UTF-8' encoding to copy filtered resources.
2020-09-14 11:07:56,453 [Worker-17: Building] INFO  o.e.m.c.i.embedder.EclipseLogger - skip non existing resourceDirectory C:\Users\colin\eclipse-workspace\Week 14 Assignment\inventorymanagement\src\test\resources
2020-09-14 11:07:57,468 [Worker-17: Building] INFO  o.e.m.c.i.embedder.EclipseLogger - Using 'UTF-8' encoding to copy filtered resources.
2020-09-14 11:07:57,468 [Worker-17: Building] INFO  o.e.m.c.i.embedder.EclipseLogger - skip non existing resourceDirectory C:\Users\colin\eclipse-workspace\Week 14 Assignment\inventorymanagement\src\main\resources
2020-09-14 11:07:57,471 [Worker-17: Building] INFO  o.e.m.c.i.embedder.EclipseLogger - Using 'UTF-8' encoding to copy filtered resources.
2020-09-14 11:07:57,471 [Worker-17: Building] INFO  o.e.m.c.i.embedder.EclipseLogger - skip non existing resourceDirectory C:\Users\colin\eclipse-workspace\Week 14 Assignment\inventorymanagement\src\test\resources
2020-09-14 11:08:05,176 [Worker-16: Building] INFO  o.e.m.c.i.embedder.EclipseLogger - Using 'UTF-8' encoding to copy filtered resources.
2020-09-14 11:08:05,176 [Worker-16: Building] INFO  o.e.m.c.i.embedder.EclipseLogger - skip non existing resourceDirectory C:\Users\colin\eclipse-workspace\Week 14 Assignment\inventorymanagement\src\main\resources
2020-09-14 11:08:05,177 [Worker-16: Building] INFO  o.e.m.c.i.embedder.EclipseLogger - Using 'UTF-8' encoding to copy filtered resources.
2020-09-14 11:08:05,178 [Worker-16: Building] INFO  o.e.m.c.i.embedder.EclipseLogger - skip non existing resourceDirectory C:\Users\colin\eclipse-workspace\Week 14 Assignment\inventorymanagement\src\test\resources
2020-09-14 11:08:16,173 [Worker-7: Building] INFO  o.e.m.c.i.embedder.EclipseLogger - Using 'UTF-8' encoding to copy filtered resources.
2020-09-14 11:08:16,173 [Worker-7: Building] INFO  o.e.m.c.i.embedder.EclipseLogger - skip non existing resourceDirectory C:\Users\colin\eclipse-workspace\Week 14 Assignment\inventorymanagement\src\main\resources
2020-09-14 11:08:16,175 [Worker-7: Building] INFO  o.e.m.c.i.embedder.EclipseLogger - Using 'UTF-8' encoding to copy filtered resources.
2020-09-14 11:08:16,175 [Worker-7: Building] INFO  o.e.m.c.i.embedder.EclipseLogger - skip non existing resourceDirectory C:\Users\colin\eclipse-workspace\Week 14 Assignment\inventorymanagement\src\test\resources
2020-09-14 11:08:46,770 [Worker-0: Building] INFO  o.e.m.c.i.embedder.EclipseLogger - Using 'UTF-8' encoding to copy filtered resources.
2020-09-14 11:08:46,770 [Worker-0: Building] INFO  o.e.m.c.i.embedder.EclipseLogger - skip non existing resourceDirectory C:\Users\colin\eclipse-workspace\Week 14 Assignment\inventorymanagement\src\main\resources
2020-09-14 11:08:46,771 [Worker-0: Building] INFO  o.e.m.c.i.embedder.EclipseLogger - Using 'UTF-8' encoding to copy filtered resources.
2020-09-14 11:08:46,771 [Worker-0: Building] INFO  o.e.m.c.i.embedder.EclipseLogger - skip non existing resourceDirectory C:\Users\colin\eclipse-workspace\Week 14 Assignment\inventorymanagement\src\test\resources
2020-09-14 11:08:55,422 [Worker-5: Building] INFO  o.e.m.c.i.embedder.EclipseLogger - Using 'UTF-8' encoding to copy filtered resources.
2020-09-14 11:08:55,423 [Worker-5: Building] INFO  o.e.m.c.i.embedder.EclipseLogger - skip non existing resourceDirectory C:\Users\colin\eclipse-workspace\Week 14 Assignment\inventorymanagement\src\main\resources
2020-09-14 11:08:55,424 [Worker-5: Building] INFO  o.e.m.c.i.embedder.EclipseLogger - Using 'UTF-8' encoding to copy filtered resources.
2020-09-14 11:08:55,424 [Worker-5: Building] INFO  o.e.m.c.i.embedder.EclipseLogger - skip non existing resourceDirectory C:\Users\colin\eclipse-workspace\Week 14 Assignment\inventorymanagement\src\test\resources
2020-09-14 11:09:02,799 [Worker-9: Building] INFO  o.e.m.c.i.embedder.EclipseLogger - Using 'UTF-8' encoding to copy filtered resources.
2020-09-14 11:09:02,799 [Worker-9: Building] INFO  o.e.m.c.i.embedder.EclipseLogger - skip non existing resourceDirectory C:\Users\colin\eclipse-workspace\Week 14 Assignment\inventorymanagement\src\main\resources
2020-09-14 11:09:02,800 [Worker-9: Building] INFO  o.e.m.c.i.embedder.EclipseLogger - Using 'UTF-8' encoding to copy filtered resources.
2020-09-14 11:09:02,800 [Worker-9: Building] INFO  o.e.m.c.i.embedder.EclipseLogger - skip non existing resourceDirectory C:\Users\colin\eclipse-workspace\Week 14 Assignment\inventorymanagement\src\test\resources
2020-09-14 11:09:09,883 [Worker-9: Building] INFO  o.e.m.c.i.embedder.EclipseLogger - Using 'UTF-8' encoding to copy filtered resources.
2020-09-14 11:09:09,883 [Worker-9: Building] INFO  o.e.m.c.i.embedder.EclipseLogger - skip non existing resourceDirectory C:\Users\colin\eclipse-workspace\Week 14 Assignment\inventorymanagement\src\main\resources
2020-09-14 11:09:09,884 [Worker-9: Building] INFO  o.e.m.c.i.embedder.EclipseLogger - Using 'UTF-8' encoding to copy filtered resources.
2020-09-14 11:09:09,884 [Worker-9: Building] INFO  o.e.m.c.i.embedder.EclipseLogger - skip non existing resourceDirectory C:\Users\colin\eclipse-workspace\Week 14 Assignment\inventorymanagement\src\test\resources
2020-09-14 11:09:24,405 [Worker-5: Building] INFO  o.e.m.c.i.embedder.EclipseLogger - Using 'UTF-8' encoding to copy filtered resources.
2020-09-14 11:09:24,405 [Worker-5: Building] INFO  o.e.m.c.i.embedder.EclipseLogger - skip non existing resourceDirectory C:\Users\colin\eclipse-workspace\Week 14 Assignment\inventorymanagement\src\main\resources
2020-09-14 11:09:24,407 [Worker-5: Building] INFO  o.e.m.c.i.embedder.EclipseLogger - Using 'UTF-8' encoding to copy filtered resources.
2020-09-14 11:09:24,407 [Worker-5: Building] INFO  o.e.m.c.i.embedder.EclipseLogger - skip non existing resourceDirectory C:\Users\colin\eclipse-workspace\Week 14 Assignment\inventorymanagement\src\test\resources
2020-09-14 11:09:32,201 [Worker-19: Building] INFO  o.e.m.c.i.embedder.EclipseLogger - Using 'UTF-8' encoding to copy filtered resources.
2020-09-14 11:09:32,202 [Worker-19: Building] INFO  o.e.m.c.i.embedder.EclipseLogger - skip non existing resourceDirectory C:\Users\colin\eclipse-workspace\Week 14 Assignment\inventorymanagement\src\main\resources
2020-09-14 11:09:32,204 [Worker-19: Building] INFO  o.e.m.c.i.embedder.EclipseLogger - Using 'UTF-8' encoding to copy filtered resources.
2020-09-14 11:09:32,204 [Worker-19: Building] INFO  o.e.m.c.i.embedder.EclipseLogger - skip non existing resourceDirectory C:\Users\colin\eclipse-workspace\Week 14 Assignment\inventorymanagement\src\test\resources
2020-09-14 11:09:39,630 [Worker-5: Building] INFO  o.e.m.c.i.embedder.EclipseLogger - Using 'UTF-8' encoding to copy filtered resources.
2020-09-14 11:09:39,630 [Worker-5: Building] INFO  o.e.m.c.i.embedder.EclipseLogger - skip non existing resourceDirectory C:\Users\colin\eclipse-workspace\Week 14 Assignment\inventorymanagement\src\main\resources
2020-09-14 11:09:39,632 [Worker-5: Building] INFO  o.e.m.c.i.embedder.EclipseLogger - Using 'UTF-8' encoding to copy filtered resources.
2020-09-14 11:09:39,632 [Worker-5: Building] INFO  o.e.m.c.i.embedder.EclipseLogger - skip non existing resourceDirectory C:\Users\colin\eclipse-workspace\Week 14 Assignment\inventorymanagement\src\test\resources
2020-09-14 11:09:47,966 [Worker-16: Building] INFO  o.e.m.c.i.embedder.EclipseLogger - Using 'UTF-8' encoding to copy filtered resources.
2020-09-14 11:09:47,966 [Worker-16: Building] INFO  o.e.m.c.i.embedder.EclipseLogger - skip non existing resourceDirectory C:\Users\colin\eclipse-workspace\Week 14 Assignment\inventorymanagement\src\main\resources
2020-09-14 11:09:47,967 [Worker-16: Building] INFO  o.e.m.c.i.embedder.EclipseLogger - Using 'UTF-8' encoding to copy filtered resources.
2020-09-14 11:09:47,967 [Worker-16: Building] INFO  o.e.m.c.i.embedder.EclipseLogger - skip non existing resourceDirectory C:\Users\colin\eclipse-workspace\Week 14 Assignment\inventorymanagement\src\test\resources
2020-09-14 11:09:57,036 [Worker-23: Building] INFO  o.e.m.c.i.embedder.EclipseLogger - Using 'UTF-8' encoding to copy filtered resources.
2020-09-14 11:09:57,036 [Worker-23: Building] INFO  o.e.m.c.i.embedder.EclipseLogger - skip non existing resourceDirectory C:\Users\colin\eclipse-workspace\Week 14 Assignment\inventorymanagement\src\main\resources
2020-09-14 11:09:57,037 [Worker-23: Building] INFO  o.e.m.c.i.embedder.EclipseLogger - Using 'UTF-8' encoding to copy filtered resources.
2020-09-14 11:09:57,037 [Worker-23: Building] INFO  o.e.m.c.i.embedder.EclipseLogger - skip non existing resourceDirectory C:\Users\colin\eclipse-workspace\Week 14 Assignment\inventorymanagement\src\test\resources
2020-09-14 11:10:05,589 [Worker-5: Building] INFO  o.e.m.c.i.embedder.EclipseLogger - Using 'UTF-8' encoding to copy filtered resources.
2020-09-14 11:10:05,589 [Worker-5: Building] INFO  o.e.m.c.i.embedder.EclipseLogger - skip non existing resourceDirectory C:\Users\colin\eclipse-workspace\Week 14 Assignment\inventorymanagement\src\main\resources
2020-09-14 11:10:05,590 [Worker-5: Building] INFO  o.e.m.c.i.embedder.EclipseLogger - Using 'UTF-8' encoding to copy filtered resources.
2020-09-14 11:10:05,590 [Worker-5: Building] INFO  o.e.m.c.i.embedder.EclipseLogger - skip non existing resourceDirectory C:\Users\colin\eclipse-workspace\Week 14 Assignment\inventorymanagement\src\test\resources
2020-09-14 11:10:20,993 [Worker-22: Building] INFO  o.e.m.c.i.embedder.EclipseLogger - Using 'UTF-8' encoding to copy filtered resources.
2020-09-14 11:10:20,993 [Worker-22: Building] INFO  o.e.m.c.i.embedder.EclipseLogger - skip non existing resourceDirectory C:\Users\colin\eclipse-workspace\Week 14 Assignment\inventorymanagement\src\main\resources
2020-09-14 11:10:20,994 [Worker-22: Building] INFO  o.e.m.c.i.embedder.EclipseLogger - Using 'UTF-8' encoding to copy filtered resources.
2020-09-14 11:10:20,995 [Worker-22: Building] INFO  o.e.m.c.i.embedder.EclipseLogger - skip non existing resourceDirectory C:\Users\colin\eclipse-workspace\Week 14 Assignment\inventorymanagement\src\test\resources
2020-09-14 11:11:03,650 [Worker-1: Building] INFO  o.e.m.c.i.embedder.EclipseLogger - Using 'UTF-8' encoding to copy filtered resources.
2020-09-14 11:11:03,651 [Worker-1: Building] INFO  o.e.m.c.i.embedder.EclipseLogger - skip non existing resourceDirectory C:\Users\colin\eclipse-workspace\Week 14 Assignment\inventorymanagement\src\main\resources
2020-09-14 11:11:03,652 [Worker-1: Building] INFO  o.e.m.c.i.embedder.EclipseLogger - Using 'UTF-8' encoding to copy filtered resources.
2020-09-14 11:11:03,652 [Worker-1: Building] INFO  o.e.m.c.i.embedder.EclipseLogger - skip non existing resourceDirectory C:\Users\colin\eclipse-workspace\Week 14 Assignment\inventorymanagement\src\test\resources
2020-09-14 11:11:11,775 [Worker-19: Building] INFO  o.e.m.c.i.embedder.EclipseLogger - Using 'UTF-8' encoding to copy filtered resources.
2020-09-14 11:11:11,775 [Worker-19: Building] INFO  o.e.m.c.i.embedder.EclipseLogger - skip non existing resourceDirectory C:\Users\colin\eclipse-workspace\Week 14 Assignment\inventorymanagement\src\main\resources
2020-09-14 11:11:11,776 [Worker-19: Building] INFO  o.e.m.c.i.embedder.EclipseLogger - Using 'UTF-8' encoding to copy filtered resources.
2020-09-14 11:11:11,777 [Worker-19: Building] INFO  o.e.m.c.i.embedder.EclipseLogger - skip non existing resourceDirectory C:\Users\colin\eclipse-workspace\Week 14 Assignment\inventorymanagement\src\test\resources
2020-09-14 11:24:20,957 [Worker-7: Building] INFO  o.e.m.c.i.l.LifecycleMappingFactory - Using org.eclipse.m2e.jdt.JarLifecycleMapping lifecycle mapping for MavenProject: com.promineotech:inventorymanagement:0.0.1-SNAPSHOT @ C:\Users\colin\eclipse-workspace\Week 14 Assignment\inventorymanagement\pom.xml.
2020-09-14 11:24:21,471 [Worker-7: Building] INFO  o.e.m.c.i.embedder.EclipseLogger - Using 'UTF-8' encoding to copy filtered resources.
2020-09-14 11:24:21,471 [Worker-7: Building] INFO  o.e.m.c.i.embedder.EclipseLogger - skip non existing resourceDirectory C:\Users\colin\eclipse-workspace\Week 14 Assignment\inventorymanagement\src\main\resources
2020-09-14 11:24:21,471 [Worker-7: Building] INFO  o.e.m.c.i.embedder.EclipseLogger - skip non existing resourceDirectory C:\Users\colin\eclipse-workspace\Week 14 Assignment\inventorymanagement\src\main\resources
2020-09-14 11:24:21,474 [Worker-7: Building] INFO  o.e.m.c.i.embedder.EclipseLogger - Using 'UTF-8' encoding to copy filtered resources.
2020-09-14 11:24:21,474 [Worker-7: Building] INFO  o.e.m.c.i.embedder.EclipseLogger - skip non existing resourceDirectory C:\Users\colin\eclipse-workspace\Week 14 Assignment\inventorymanagement\src\test\resources
2020-09-14 11:24:22,794 [Worker-5: Building] INFO  o.e.m.c.i.embedder.EclipseLogger - Using 'UTF-8' encoding to copy filtered resources.
2020-09-14 11:24:22,794 [Worker-5: Building] INFO  o.e.m.c.i.embedder.EclipseLogger - skip non existing resourceDirectory C:\Users\colin\eclipse-workspace\Week 14 Assignment\inventorymanagement\src\main\resources
2020-09-14 11:24:22,794 [Worker-5: Building] INFO  o.e.m.c.i.embedder.EclipseLogger - skip non existing resourceDirectory C:\Users\colin\eclipse-workspace\Week 14 Assignment\inventorymanagement\src\main\resources
2020-09-14 11:24:22,796 [Worker-5: Building] INFO  o.e.m.c.i.embedder.EclipseLogger - Using 'UTF-8' encoding to copy filtered resources.
2020-09-14 11:24:22,796 [Worker-5: Building] INFO  o.e.m.c.i.embedder.EclipseLogger - skip non existing resourceDirectory C:\Users\colin\eclipse-workspace\Week 14 Assignment\inventorymanagement\src\test\resources
2020-09-14 11:24:36,129 [Worker-7: Building] INFO  o.e.m.c.i.l.LifecycleMappingFactory - Using org.eclipse.m2e.jdt.JarLifecycleMapping lifecycle mapping for MavenProject: com.promineotech:inventorymanagement:0.0.1-SNAPSHOT @ C:\Users\colin\eclipse-workspace\Week 14 Assignment\inventorymanagement\pom.xml.
2020-09-14 11:24:36,496 [Worker-7: Building] INFO  o.e.m.c.i.embedder.EclipseLogger - Using 'UTF-8' encoding to copy filtered resources.
2020-09-14 11:24:36,497 [Worker-7: Building] INFO  o.e.m.c.i.embedder.EclipseLogger - skip non existing resourceDirectory C:\Users\colin\eclipse-workspace\Week 14 Assignment\inventorymanagement\src\main\resources
2020-09-14 11:24:36,497 [Worker-7: Building] INFO  o.e.m.c.i.embedder.EclipseLogger - skip non existing resourceDirectory C:\Users\colin\eclipse-workspace\Week 14 Assignment\inventorymanagement\src\main\resources
2020-09-14 11:24:36,499 [Worker-7: Building] INFO  o.e.m.c.i.embedder.EclipseLogger - Using 'UTF-8' encoding to copy filtered resources.
2020-09-14 11:24:36,499 [Worker-7: Building] INFO  o.e.m.c.i.embedder.EclipseLogger - skip non existing resourceDirectory C:\Users\colin\eclipse-workspace\Week 14 Assignment\inventorymanagement\src\test\resources
2020-09-14 11:25:04,326 [Worker-19: Building] INFO  o.e.m.c.i.embedder.EclipseLogger - Using 'UTF-8' encoding to copy filtered resources.
2020-09-14 11:25:04,326 [Worker-19: Building] INFO  o.e.m.c.i.embedder.EclipseLogger - skip non existing resourceDirectory C:\Users\colin\eclipse-workspace\Week 14 Assignment\inventorymanagement\src\main\resources
2020-09-14 11:25:04,326 [Worker-19: Building] INFO  o.e.m.c.i.embedder.EclipseLogger - skip non existing resourceDirectory C:\Users\colin\eclipse-workspace\Week 14 Assignment\inventorymanagement\src\main\resources
2020-09-14 11:25:04,327 [Worker-19: Building] INFO  o.e.m.c.i.embedder.EclipseLogger - Using 'UTF-8' encoding to copy filtered resources.
2020-09-14 11:25:04,327 [Worker-19: Building] INFO  o.e.m.c.i.embedder.EclipseLogger - skip non existing resourceDirectory C:\Users\colin\eclipse-workspace\Week 14 Assignment\inventorymanagement\src\test\resources
2020-09-14 11:29:37,345 [Worker-19: Building] INFO  o.e.m.c.i.embedder.EclipseLogger - Using 'UTF-8' encoding to copy filtered resources.
2020-09-14 11:29:37,345 [Worker-19: Building] INFO  o.e.m.c.i.embedder.EclipseLogger - skip non existing resourceDirectory C:\Users\colin\eclipse-workspace\Week 14 Assignment\inventorymanagement\src\main\resources
2020-09-14 11:29:37,345 [Worker-19: Building] INFO  o.e.m.c.i.embedder.EclipseLogger - skip non existing resourceDirectory C:\Users\colin\eclipse-workspace\Week 14 Assignment\inventorymanagement\src\main\resources
2020-09-14 11:29:37,346 [Worker-19: Building] INFO  o.e.m.c.i.embedder.EclipseLogger - Using 'UTF-8' encoding to copy filtered resources.
2020-09-14 11:29:37,346 [Worker-19: Building] INFO  o.e.m.c.i.embedder.EclipseLogger - skip non existing resourceDirectory C:\Users\colin\eclipse-workspace\Week 14 Assignment\inventorymanagement\src\test\resources
2020-09-14 11:33:44,099 [Worker-0: Building] INFO  o.e.m.c.i.embedder.EclipseLogger - Using 'UTF-8' encoding to copy filtered resources.
2020-09-14 11:33:44,099 [Worker-0: Building] INFO  o.e.m.c.i.embedder.EclipseLogger - skip non existing resourceDirectory C:\Users\colin\eclipse-workspace\Week 14 Assignment\inventorymanagement\src\main\resources
2020-09-14 11:33:44,100 [Worker-0: Building] INFO  o.e.m.c.i.embedder.EclipseLogger - skip non existing resourceDirectory C:\Users\colin\eclipse-workspace\Week 14 Assignment\inventorymanagement\src\main\resources
2020-09-14 11:33:44,102 [Worker-0: Building] INFO  o.e.m.c.i.embedder.EclipseLogger - Using 'UTF-8' encoding to copy filtered resources.
2020-09-14 11:33:44,102 [Worker-0: Building] INFO  o.e.m.c.i.embedder.EclipseLogger - skip non existing resourceDirectory C:\Users\colin\eclipse-workspace\Week 14 Assignment\inventorymanagement\src\test\resources
2020-09-14 11:43:30,934 [Worker-19: Building] INFO  o.e.m.c.i.embedder.EclipseLogger - Using 'UTF-8' encoding to copy filtered resources.
2020-09-14 11:43:30,934 [Worker-19: Building] INFO  o.e.m.c.i.embedder.EclipseLogger - skip non existing resourceDirectory C:\Users\colin\eclipse-workspace\Week 14 Assignment\inventorymanagement\src\main\resources
2020-09-14 11:43:30,934 [Worker-19: Building] INFO  o.e.m.c.i.embedder.EclipseLogger - skip non existing resourceDirectory C:\Users\colin\eclipse-workspace\Week 14 Assignment\inventorymanagement\src\main\resources
2020-09-14 11:43:30,936 [Worker-19: Building] INFO  o.e.m.c.i.embedder.EclipseLogger - Using 'UTF-8' encoding to copy filtered resources.
2020-09-14 11:43:30,936 [Worker-19: Building] INFO  o.e.m.c.i.embedder.EclipseLogger - skip non existing resourceDirectory C:\Users\colin\eclipse-workspace\Week 14 Assignment\inventorymanagement\src\test\resources
2020-09-14 11:49:29,633 [Worker-29: Building] INFO  o.e.m.c.i.embedder.EclipseLogger - Using 'UTF-8' encoding to copy filtered resources.
2020-09-14 11:49:29,633 [Worker-29: Building] INFO  o.e.m.c.i.embedder.EclipseLogger - skip non existing resourceDirectory C:\Users\colin\eclipse-workspace\Week 14 Assignment\inventorymanagement\src\main\resources
2020-09-14 11:49:29,633 [Worker-29: Building] INFO  o.e.m.c.i.embedder.EclipseLogger - skip non existing resourceDirectory C:\Users\colin\eclipse-workspace\Week 14 Assignment\inventorymanagement\src\main\resources
2020-09-14 11:49:29,634 [Worker-29: Building] INFO  o.e.m.c.i.embedder.EclipseLogger - Using 'UTF-8' encoding to copy filtered resources.
2020-09-14 11:49:29,634 [Worker-29: Building] INFO  o.e.m.c.i.embedder.EclipseLogger - skip non existing resourceDirectory C:\Users\colin\eclipse-workspace\Week 14 Assignment\inventorymanagement\src\test\resources
2020-09-14 11:55:26,077 [Worker-29: Building] INFO  o.e.m.c.i.embedder.EclipseLogger - Using 'UTF-8' encoding to copy filtered resources.
2020-09-14 11:55:26,077 [Worker-29: Building] INFO  o.e.m.c.i.embedder.EclipseLogger - skip non existing resourceDirectory C:\Users\colin\eclipse-workspace\Week 14 Assignment\inventorymanagement\src\main\resources
2020-09-14 11:55:26,077 [Worker-29: Building] INFO  o.e.m.c.i.embedder.EclipseLogger - skip non existing resourceDirectory C:\Users\colin\eclipse-workspace\Week 14 Assignment\inventorymanagement\src\main\resources
2020-09-14 11:55:26,079 [Worker-29: Building] INFO  o.e.m.c.i.embedder.EclipseLogger - Using 'UTF-8' encoding to copy filtered resources.
2020-09-14 11:55:26,079 [Worker-29: Building] INFO  o.e.m.c.i.embedder.EclipseLogger - skip non existing resourceDirectory C:\Users\colin\eclipse-workspace\Week 14 Assignment\inventorymanagement\src\test\resources
2020-09-14 11:55:59,700 [Worker-28: Building] INFO  o.e.m.c.i.embedder.EclipseLogger - Using 'UTF-8' encoding to copy filtered resources.
2020-09-14 11:55:59,700 [Worker-28: Building] INFO  o.e.m.c.i.embedder.EclipseLogger - skip non existing resourceDirectory C:\Users\colin\eclipse-workspace\Week 14 Assignment\inventorymanagement\src\main\resources
2020-09-14 11:55:59,700 [Worker-28: Building] INFO  o.e.m.c.i.embedder.EclipseLogger - skip non existing resourceDirectory C:\Users\colin\eclipse-workspace\Week 14 Assignment\inventorymanagement\src\main\resources
2020-09-14 11:55:59,702 [Worker-28: Building] INFO  o.e.m.c.i.embedder.EclipseLogger - Using 'UTF-8' encoding to copy filtered resources.
2020-09-14 11:55:59,702 [Worker-28: Building] INFO  o.e.m.c.i.embedder.EclipseLogger - skip non existing resourceDirectory C:\Users\colin\eclipse-workspace\Week 14 Assignment\inventorymanagement\src\test\resources
2020-09-14 11:58:06,003 [Worker-28: Building] INFO  o.e.m.c.i.embedder.EclipseLogger - Using 'UTF-8' encoding to copy filtered resources.
2020-09-14 11:58:06,003 [Worker-28: Building] INFO  o.e.m.c.i.embedder.EclipseLogger - skip non existing resourceDirectory C:\Users\colin\eclipse-workspace\Week 14 Assignment\inventorymanagement\src\main\resources
2020-09-14 11:58:06,003 [Worker-28: Building] INFO  o.e.m.c.i.embedder.EclipseLogger - skip non existing resourceDirectory C:\Users\colin\eclipse-workspace\Week 14 Assignment\inventorymanagement\src\main\resources
2020-09-14 11:58:06,004 [Worker-28: Building] INFO  o.e.m.c.i.embedder.EclipseLogger - Using 'UTF-8' encoding to copy filtered resources.
2020-09-14 11:58:06,005 [Worker-28: Building] INFO  o.e.m.c.i.embedder.EclipseLogger - skip non existing resourceDirectory C:\Users\colin\eclipse-workspace\Week 14 Assignment\inventorymanagement\src\test\resources
2020-09-14 12:04:42,178 [Worker-29: Building] INFO  o.e.m.c.i.embedder.EclipseLogger - Using 'UTF-8' encoding to copy filtered resources.
2020-09-14 12:04:42,178 [Worker-29: Building] INFO  o.e.m.c.i.embedder.EclipseLogger - skip non existing resourceDirectory C:\Users\colin\eclipse-workspace\Week 14 Assignment\inventorymanagement\src\main\resources
2020-09-14 12:04:42,178 [Worker-29: Building] INFO  o.e.m.c.i.embedder.EclipseLogger - skip non existing resourceDirectory C:\Users\colin\eclipse-workspace\Week 14 Assignment\inventorymanagement\src\main\resources
2020-09-14 12:04:42,179 [Worker-29: Building] INFO  o.e.m.c.i.embedder.EclipseLogger - Using 'UTF-8' encoding to copy filtered resources.
2020-09-14 12:04:42,179 [Worker-29: Building] INFO  o.e.m.c.i.embedder.EclipseLogger - skip non existing resourceDirectory C:\Users\colin\eclipse-workspace\Week 14 Assignment\inventorymanagement\src\test\resources
2020-09-14 12:05:21,196 [Worker-33: Building] INFO  o.e.m.c.i.embedder.EclipseLogger - Using 'UTF-8' encoding to copy filtered resources.
2020-09-14 12:05:21,197 [Worker-33: Building] INFO  o.e.m.c.i.embedder.EclipseLogger - skip non existing resourceDirectory C:\Users\colin\eclipse-workspace\Week 14 Assignment\inventorymanagement\src\main\resources
2020-09-14 12:05:21,197 [Worker-33: Building] INFO  o.e.m.c.i.embedder.EclipseLogger - skip non existing resourceDirectory C:\Users\colin\eclipse-workspace\Week 14 Assignment\inventorymanagement\src\main\resources
2020-09-14 12:05:21,198 [Worker-33: Building] INFO  o.e.m.c.i.embedder.EclipseLogger - Using 'UTF-8' encoding to copy filtered resources.
2020-09-14 12:05:21,198 [Worker-33: Building] INFO  o.e.m.c.i.embedder.EclipseLogger - skip non existing resourceDirectory C:\Users\colin\eclipse-workspace\Week 14 Assignment\inventorymanagement\src\test\resources
2020-09-14 12:05:48,539 [Worker-25: Building] INFO  o.e.m.c.i.embedder.EclipseLogger - Using 'UTF-8' encoding to copy filtered resources.
2020-09-14 12:05:48,540 [Worker-25: Building] INFO  o.e.m.c.i.embedder.EclipseLogger - skip non existing resourceDirectory C:\Users\colin\eclipse-workspace\Week 14 Assignment\inventorymanagement\src\main\resources
2020-09-14 12:05:48,540 [Worker-25: Building] INFO  o.e.m.c.i.embedder.EclipseLogger - skip non existing resourceDirectory C:\Users\colin\eclipse-workspace\Week 14 Assignment\inventorymanagement\src\main\resources
2020-09-14 12:05:48,541 [Worker-25: Building] INFO  o.e.m.c.i.embedder.EclipseLogger - Using 'UTF-8' encoding to copy filtered resources.
2020-09-14 12:05:48,541 [Worker-25: Building] INFO  o.e.m.c.i.embedder.EclipseLogger - skip non existing resourceDirectory C:\Users\colin\eclipse-workspace\Week 14 Assignment\inventorymanagement\src\test\resources
2020-09-14 12:06:21,469 [Worker-34: Building] INFO  o.e.m.c.i.embedder.EclipseLogger - Using 'UTF-8' encoding to copy filtered resources.
2020-09-14 12:06:21,469 [Worker-34: Building] INFO  o.e.m.c.i.embedder.EclipseLogger - skip non existing resourceDirectory C:\Users\colin\eclipse-workspace\Week 14 Assignment\inventorymanagement\src\main\resources
2020-09-14 12:06:21,469 [Worker-34: Building] INFO  o.e.m.c.i.embedder.EclipseLogger - skip non existing resourceDirectory C:\Users\colin\eclipse-workspace\Week 14 Assignment\inventorymanagement\src\main\resources
2020-09-14 12:06:21,470 [Worker-34: Building] INFO  o.e.m.c.i.embedder.EclipseLogger - Using 'UTF-8' encoding to copy filtered resources.
2020-09-14 12:06:21,470 [Worker-34: Building] INFO  o.e.m.c.i.embedder.EclipseLogger - skip non existing resourceDirectory C:\Users\colin\eclipse-workspace\Week 14 Assignment\inventorymanagement\src\test\resources
2020-09-14 12:06:26,864 [Worker-34: Building] INFO  o.e.m.c.i.embedder.EclipseLogger - Using 'UTF-8' encoding to copy filtered resources.
2020-09-14 12:06:26,864 [Worker-34: Building] INFO  o.e.m.c.i.embedder.EclipseLogger - skip non existing resourceDirectory C:\Users\colin\eclipse-workspace\Week 14 Assignment\inventorymanagement\src\main\resources
2020-09-14 12:06:26,864 [Worker-34: Building] INFO  o.e.m.c.i.embedder.EclipseLogger - skip non existing resourceDirectory C:\Users\colin\eclipse-workspace\Week 14 Assignment\inventorymanagement\src\main\resources
2020-09-14 12:06:26,865 [Worker-34: Building] INFO  o.e.m.c.i.embedder.EclipseLogger - Using 'UTF-8' encoding to copy filtered resources.
2020-09-14 12:06:26,865 [Worker-34: Building] INFO  o.e.m.c.i.embedder.EclipseLogger - skip non existing resourceDirectory C:\Users\colin\eclipse-workspace\Week 14 Assignment\inventorymanagement\src\test\resources
2020-09-14 12:15:54,826 [Worker-35: Building] INFO  o.e.m.c.i.embedder.EclipseLogger - Using 'UTF-8' encoding to copy filtered resources.
2020-09-14 12:15:54,827 [Worker-35: Building] INFO  o.e.m.c.i.embedder.EclipseLogger - skip non existing resourceDirectory C:\Users\colin\eclipse-workspace\Week 14 Assignment\inventorymanagement\src\main\resources
2020-09-14 12:15:54,827 [Worker-35: Building] INFO  o.e.m.c.i.embedder.EclipseLogger - skip non existing resourceDirectory C:\Users\colin\eclipse-workspace\Week 14 Assignment\inventorymanagement\src\main\resources
2020-09-14 12:15:54,828 [Worker-35: Building] INFO  o.e.m.c.i.embedder.EclipseLogger - Using 'UTF-8' encoding to copy filtered resources.
2020-09-14 12:15:54,828 [Worker-35: Building] INFO  o.e.m.c.i.embedder.EclipseLogger - skip non existing resourceDirectory C:\Users\colin\eclipse-workspace\Week 14 Assignment\inventorymanagement\src\test\resources
2020-09-14 14:10:29,580 [Worker-37: Building] INFO  o.e.m.c.i.embedder.EclipseLogger - Using 'UTF-8' encoding to copy filtered resources.
2020-09-14 14:10:29,581 [Worker-37: Building] INFO  o.e.m.c.i.embedder.EclipseLogger - skip non existing resourceDirectory C:\Users\colin\eclipse-workspace\Week 14 Assignment\inventorymanagement\src\main\resources
2020-09-14 14:10:29,581 [Worker-37: Building] INFO  o.e.m.c.i.embedder.EclipseLogger - skip non existing resourceDirectory C:\Users\colin\eclipse-workspace\Week 14 Assignment\inventorymanagement\src\main\resources
2020-09-14 14:10:29,582 [Worker-37: Building] INFO  o.e.m.c.i.embedder.EclipseLogger - Using 'UTF-8' encoding to copy filtered resources.
2020-09-14 14:10:29,582 [Worker-37: Building] INFO  o.e.m.c.i.embedder.EclipseLogger - skip non existing resourceDirectory C:\Users\colin\eclipse-workspace\Week 14 Assignment\inventorymanagement\src\test\resources
2020-09-14 14:22:00,680 [Worker-39: Building] INFO  o.e.m.c.i.embedder.EclipseLogger - Using 'UTF-8' encoding to copy filtered resources.
2020-09-14 14:22:00,680 [Worker-39: Building] INFO  o.e.m.c.i.embedder.EclipseLogger - skip non existing resourceDirectory C:\Users\colin\eclipse-workspace\Week 14 Assignment\inventorymanagement\src\main\resources
2020-09-14 14:22:00,680 [Worker-39: Building] INFO  o.e.m.c.i.embedder.EclipseLogger - skip non existing resourceDirectory C:\Users\colin\eclipse-workspace\Week 14 Assignment\inventorymanagement\src\main\resources
2020-09-14 14:22:00,682 [Worker-39: Building] INFO  o.e.m.c.i.embedder.EclipseLogger - Using 'UTF-8' encoding to copy filtered resources.
2020-09-14 14:22:00,682 [Worker-39: Building] INFO  o.e.m.c.i.embedder.EclipseLogger - skip non existing resourceDirectory C:\Users\colin\eclipse-workspace\Week 14 Assignment\inventorymanagement\src\test\resources
2020-09-14 14:22:05,769 [Worker-37: Building] INFO  o.e.m.c.i.embedder.EclipseLogger - Using 'UTF-8' encoding to copy filtered resources.
2020-09-14 14:22:05,769 [Worker-37: Building] INFO  o.e.m.c.i.embedder.EclipseLogger - skip non existing resourceDirectory C:\Users\colin\eclipse-workspace\Week 14 Assignment\inventorymanagement\src\main\resources
2020-09-14 14:22:05,769 [Worker-37: Building] INFO  o.e.m.c.i.embedder.EclipseLogger - skip non existing resourceDirectory C:\Users\colin\eclipse-workspace\Week 14 Assignment\inventorymanagement\src\main\resources
2020-09-14 14:22:05,770 [Worker-37: Building] INFO  o.e.m.c.i.embedder.EclipseLogger - Using 'UTF-8' encoding to copy filtered resources.
2020-09-14 14:22:05,770 [Worker-37: Building] INFO  o.e.m.c.i.embedder.EclipseLogger - skip non existing resourceDirectory C:\Users\colin\eclipse-workspace\Week 14 Assignment\inventorymanagement\src\test\resources
2020-09-14 14:30:06,393 [Worker-38: Building] INFO  o.e.m.c.i.embedder.EclipseLogger - Using 'UTF-8' encoding to copy filtered resources.
2020-09-14 14:30:06,393 [Worker-38: Building] INFO  o.e.m.c.i.embedder.EclipseLogger - skip non existing resourceDirectory C:\Users\colin\eclipse-workspace\Week 14 Assignment\inventorymanagement\src\main\resources
2020-09-14 14:30:06,393 [Worker-38: Building] INFO  o.e.m.c.i.embedder.EclipseLogger - skip non existing resourceDirectory C:\Users\colin\eclipse-workspace\Week 14 Assignment\inventorymanagement\src\main\resources
2020-09-14 14:30:06,394 [Worker-38: Building] INFO  o.e.m.c.i.embedder.EclipseLogger - Using 'UTF-8' encoding to copy filtered resources.
2020-09-14 14:30:06,395 [Worker-38: Building] INFO  o.e.m.c.i.embedder.EclipseLogger - skip non existing resourceDirectory C:\Users\colin\eclipse-workspace\Week 14 Assignment\inventorymanagement\src\test\resources
2020-09-14 14:49:41,833 [Worker-43: Building] INFO  o.e.m.c.i.embedder.EclipseLogger - Using 'UTF-8' encoding to copy filtered resources.
2020-09-14 14:49:41,833 [Worker-43: Building] INFO  o.e.m.c.i.embedder.EclipseLogger - skip non existing resourceDirectory C:\Users\colin\eclipse-workspace\Week 14 Assignment\inventorymanagement\src\main\resources
2020-09-14 14:49:41,833 [Worker-43: Building] INFO  o.e.m.c.i.embedder.EclipseLogger - skip non existing resourceDirectory C:\Users\colin\eclipse-workspace\Week 14 Assignment\inventorymanagement\src\main\resources
2020-09-14 14:49:41,834 [Worker-43: Building] INFO  o.e.m.c.i.embedder.EclipseLogger - Using 'UTF-8' encoding to copy filtered resources.
2020-09-14 14:49:41,834 [Worker-43: Building] INFO  o.e.m.c.i.embedder.EclipseLogger - skip non existing resourceDirectory C:\Users\colin\eclipse-workspace\Week 14 Assignment\inventorymanagement\src\test\resources
2020-09-14 14:57:09,935 [Worker-43: Building] INFO  o.e.m.c.i.embedder.EclipseLogger - Using 'UTF-8' encoding to copy filtered resources.
2020-09-14 14:57:09,936 [Worker-43: Building] INFO  o.e.m.c.i.embedder.EclipseLogger - skip non existing resourceDirectory C:\Users\colin\eclipse-workspace\Week 14 Assignment\inventorymanagement\src\main\resources
2020-09-14 14:57:09,936 [Worker-43: Building] INFO  o.e.m.c.i.embedder.EclipseLogger - skip non existing resourceDirectory C:\Users\colin\eclipse-workspace\Week 14 Assignment\inventorymanagement\src\main\resources
2020-09-14 14:57:09,937 [Worker-43: Building] INFO  o.e.m.c.i.embedder.EclipseLogger - Using 'UTF-8' encoding to copy filtered resources.
2020-09-14 14:57:09,937 [Worker-43: Building] INFO  o.e.m.c.i.embedder.EclipseLogger - skip non existing resourceDirectory C:\Users\colin\eclipse-workspace\Week 14 Assignment\inventorymanagement\src\test\resources
2020-09-14 14:57:16,745 [Worker-43: Building] INFO  o.e.m.c.i.embedder.EclipseLogger - Using 'UTF-8' encoding to copy filtered resources.
2020-09-14 14:57:16,745 [Worker-43: Building] INFO  o.e.m.c.i.embedder.EclipseLogger - skip non existing resourceDirectory C:\Users\colin\eclipse-workspace\Week 14 Assignment\inventorymanagement\src\main\resources
2020-09-14 14:57:16,745 [Worker-43: Building] INFO  o.e.m.c.i.embedder.EclipseLogger - skip non existing resourceDirectory C:\Users\colin\eclipse-workspace\Week 14 Assignment\inventorymanagement\src\main\resources
2020-09-14 14:57:16,746 [Worker-43: Building] INFO  o.e.m.c.i.embedder.EclipseLogger - Using 'UTF-8' encoding to copy filtered resources.
2020-09-14 14:57:16,746 [Worker-43: Building] INFO  o.e.m.c.i.embedder.EclipseLogger - skip non existing resourceDirectory C:\Users\colin\eclipse-workspace\Week 14 Assignment\inventorymanagement\src\test\resources
2020-09-14 14:57:23,725 [Worker-44: Building] INFO  o.e.m.c.i.embedder.EclipseLogger - Using 'UTF-8' encoding to copy filtered resources.
2020-09-14 14:57:23,725 [Worker-44: Building] INFO  o.e.m.c.i.embedder.EclipseLogger - skip non existing resourceDirectory C:\Users\colin\eclipse-workspace\Week 14 Assignment\inventorymanagement\src\main\resources
2020-09-14 14:57:23,725 [Worker-44: Building] INFO  o.e.m.c.i.embedder.EclipseLogger - skip non existing resourceDirectory C:\Users\colin\eclipse-workspace\Week 14 Assignment\inventorymanagement\src\main\resources
2020-09-14 14:57:23,727 [Worker-44: Building] INFO  o.e.m.c.i.embedder.EclipseLogger - Using 'UTF-8' encoding to copy filtered resources.
2020-09-14 14:57:23,727 [Worker-44: Building] INFO  o.e.m.c.i.embedder.EclipseLogger - skip non existing resourceDirectory C:\Users\colin\eclipse-workspace\Week 14 Assignment\inventorymanagement\src\test\resources
2020-09-14 16:00:44,533 [Worker-47: Building] INFO  o.e.m.c.i.embedder.EclipseLogger - Using 'UTF-8' encoding to copy filtered resources.
2020-09-14 16:00:44,533 [Worker-47: Building] INFO  o.e.m.c.i.embedder.EclipseLogger - skip non existing resourceDirectory C:\Users\colin\eclipse-workspace\Week 14 Assignment\inventorymanagement\src\main\resources
2020-09-14 16:00:44,534 [Worker-47: Building] INFO  o.e.m.c.i.embedder.EclipseLogger - skip non existing resourceDirectory C:\Users\colin\eclipse-workspace\Week 14 Assignment\inventorymanagement\src\main\resources
2020-09-14 16:00:44,535 [Worker-47: Building] INFO  o.e.m.c.i.embedder.EclipseLogger - Using 'UTF-8' encoding to copy filtered resources.
2020-09-14 16:00:44,535 [Worker-47: Building] INFO  o.e.m.c.i.embedder.EclipseLogger - skip non existing resourceDirectory C:\Users\colin\eclipse-workspace\Week 14 Assignment\inventorymanagement\src\test\resources
2020-09-14 16:02:17,134 [Worker-37: Building] INFO  o.e.m.c.i.embedder.EclipseLogger - Using 'UTF-8' encoding to copy filtered resources.
2020-09-14 16:02:17,135 [Worker-37: Building] INFO  o.e.m.c.i.embedder.EclipseLogger - skip non existing resourceDirectory C:\Users\colin\eclipse-workspace\Week 14 Assignment\inventorymanagement\src\main\resources
2020-09-14 16:02:17,135 [Worker-37: Building] INFO  o.e.m.c.i.embedder.EclipseLogger - skip non existing resourceDirectory C:\Users\colin\eclipse-workspace\Week 14 Assignment\inventorymanagement\src\main\resources
2020-09-14 16:02:17,136 [Worker-37: Building] INFO  o.e.m.c.i.embedder.EclipseLogger - Using 'UTF-8' encoding to copy filtered resources.
2020-09-14 16:02:17,136 [Worker-37: Building] INFO  o.e.m.c.i.embedder.EclipseLogger - skip non existing resourceDirectory C:\Users\colin\eclipse-workspace\Week 14 Assignment\inventorymanagement\src\test\resources
2020-09-14 16:05:38,906 [Worker-47: Building] INFO  o.e.m.c.i.embedder.EclipseLogger - Using 'UTF-8' encoding to copy filtered resources.
2020-09-14 16:05:38,912 [Worker-47: Building] INFO  o.e.m.c.i.embedder.EclipseLogger - Copying 0 resource
2020-09-14 16:05:38,912 [Worker-47: Building] INFO  o.e.m.c.i.embedder.EclipseLogger - Copying 0 resource
2020-09-14 16:05:38,913 [Worker-47: Building] INFO  o.e.m.c.i.embedder.EclipseLogger - Using 'UTF-8' encoding to copy filtered resources.
2020-09-14 16:05:38,914 [Worker-47: Building] INFO  o.e.m.c.i.embedder.EclipseLogger - skip non existing resourceDirectory C:\Users\colin\eclipse-workspace\Week 14 Assignment\inventorymanagement\src\test\resources
2020-09-14 16:05:55,810 [Worker-44: Building] INFO  o.e.m.c.i.embedder.EclipseLogger - Using 'UTF-8' encoding to copy filtered resources.
2020-09-14 16:05:55,810 [Worker-44: Building] INFO  o.e.m.c.i.embedder.EclipseLogger - Copying 1 resource
2020-09-14 16:05:55,819 [Worker-44: Building] INFO  o.e.m.c.i.embedder.EclipseLogger - Copying 0 resource
2020-09-14 16:05:55,821 [Worker-44: Building] INFO  o.e.m.c.i.embedder.EclipseLogger - Using 'UTF-8' encoding to copy filtered resources.
2020-09-14 16:05:55,821 [Worker-44: Building] INFO  o.e.m.c.i.embedder.EclipseLogger - skip non existing resourceDirectory C:\Users\colin\eclipse-workspace\Week 14 Assignment\inventorymanagement\src\test\resources
2020-09-14 16:07:55,020 [Worker-44: Building] INFO  o.e.m.c.i.l.LifecycleMappingFactory - Using org.eclipse.m2e.jdt.JarLifecycleMapping lifecycle mapping for MavenProject: com.promineotech:inventorymanagement:0.0.1-SNAPSHOT @ C:\Users\colin\eclipse-workspace\Week 14 Assignment\inventorymanagement\pom.xml.
2020-09-14 16:07:55,362 [Worker-44: Building] INFO  o.e.m.c.i.embedder.EclipseLogger - Using 'UTF-8' encoding to copy filtered resources.
2020-09-14 16:07:55,365 [Worker-44: Building] INFO  o.e.m.c.i.embedder.EclipseLogger - Copying 0 resource
2020-09-14 16:07:55,365 [Worker-44: Building] INFO  o.e.m.c.i.embedder.EclipseLogger - Copying 0 resource
2020-09-14 16:07:55,368 [Worker-44: Building] INFO  o.e.m.c.i.embedder.EclipseLogger - Using 'UTF-8' encoding to copy filtered resources.
2020-09-14 16:07:55,368 [Worker-44: Building] INFO  o.e.m.c.i.embedder.EclipseLogger - skip non existing resourceDirectory C:\Users\colin\eclipse-workspace\Week 14 Assignment\inventorymanagement\src\test\resources
2020-09-14 16:07:56,692 [Worker-44: Building] INFO  o.e.m.c.i.embedder.EclipseLogger - Using 'UTF-8' encoding to copy filtered resources.
2020-09-14 16:07:56,694 [Worker-44: Building] INFO  o.e.m.c.i.embedder.EclipseLogger - Copying 1 resource
2020-09-14 16:07:56,707 [Worker-44: Building] INFO  o.e.m.c.i.embedder.EclipseLogger - Copying 0 resource
2020-09-14 16:07:56,709 [Worker-44: Building] INFO  o.e.m.c.i.embedder.EclipseLogger - Using 'UTF-8' encoding to copy filtered resources.
2020-09-14 16:07:56,709 [Worker-44: Building] INFO  o.e.m.c.i.embedder.EclipseLogger - skip non existing resourceDirectory C:\Users\colin\eclipse-workspace\Week 14 Assignment\inventorymanagement\src\test\resources
2020-09-14 16:13:07,462 [Worker-47: Building] INFO  o.e.m.c.i.embedder.EclipseLogger - Using 'UTF-8' encoding to copy filtered resources.
2020-09-14 16:13:07,463 [Worker-47: Building] INFO  o.e.m.c.i.embedder.EclipseLogger - Copying 1 resource
2020-09-14 16:13:07,464 [Worker-47: Building] INFO  o.e.m.c.i.embedder.EclipseLogger - Copying 0 resource
2020-09-14 16:13:07,465 [Worker-47: Building] INFO  o.e.m.c.i.embedder.EclipseLogger - Using 'UTF-8' encoding to copy filtered resources.
2020-09-14 16:13:07,465 [Worker-47: Building] INFO  o.e.m.c.i.embedder.EclipseLogger - skip non existing resourceDirectory C:\Users\colin\eclipse-workspace\Week 14 Assignment\inventorymanagement\src\test\resources
2020-09-14 16:16:37,629 [Worker-37: Building] INFO  o.e.m.c.i.embedder.EclipseLogger - Using 'UTF-8' encoding to copy filtered resources.
2020-09-14 16:16:37,629 [Worker-37: Building] INFO  o.e.m.c.i.embedder.EclipseLogger - Copying 0 resource
2020-09-14 16:16:37,630 [Worker-37: Building] INFO  o.e.m.c.i.embedder.EclipseLogger - Copying 1 resource
2020-09-14 16:16:37,635 [Worker-37: Building] INFO  o.e.m.c.i.embedder.EclipseLogger - Using 'UTF-8' encoding to copy filtered resources.
2020-09-14 16:16:37,635 [Worker-37: Building] INFO  o.e.m.c.i.embedder.EclipseLogger - skip non existing resourceDirectory C:\Users\colin\eclipse-workspace\Week 14 Assignment\inventorymanagement\src\test\resources
2020-09-14 16:16:59,917 [Worker-47: Building] INFO  o.e.m.c.i.embedder.EclipseLogger - Using 'UTF-8' encoding to copy filtered resources.
2020-09-14 16:16:59,918 [Worker-47: Building] INFO  o.e.m.c.i.embedder.EclipseLogger - Copying 0 resource
2020-09-14 16:16:59,918 [Worker-47: Building] INFO  o.e.m.c.i.embedder.EclipseLogger - Copying 0 resource
2020-09-14 16:16:59,920 [Worker-47: Building] INFO  o.e.m.c.i.embedder.EclipseLogger - Using 'UTF-8' encoding to copy filtered resources.
2020-09-14 16:16:59,920 [Worker-47: Building] INFO  o.e.m.c.i.embedder.EclipseLogger - skip non existing resourceDirectory C:\Users\colin\eclipse-workspace\Week 14 Assignment\inventorymanagement\src\test\resources
2020-09-14 16:18:18,384 [Worker-49: Building] INFO  o.e.m.c.i.embedder.EclipseLogger - Using 'UTF-8' encoding to copy filtered resources.
2020-09-14 16:18:18,384 [Worker-49: Building] INFO  o.e.m.c.i.embedder.EclipseLogger - Copying 0 resource
2020-09-14 16:18:18,385 [Worker-49: Building] INFO  o.e.m.c.i.embedder.EclipseLogger - Copying 1 resource
2020-09-14 16:18:18,389 [Worker-49: Building] INFO  o.e.m.c.i.embedder.EclipseLogger - Using 'UTF-8' encoding to copy filtered resources.
2020-09-14 16:18:18,389 [Worker-49: Building] INFO  o.e.m.c.i.embedder.EclipseLogger - skip non existing resourceDirectory C:\Users\colin\eclipse-workspace\Week 14 Assignment\inventorymanagement\src\test\resources
2020-09-14 19:47:19,444 [Worker-68: Building] INFO  o.e.m.c.i.embedder.EclipseLogger - Using 'UTF-8' encoding to copy filtered resources.
2020-09-14 19:47:19,444 [Worker-68: Building] INFO  o.e.m.c.i.embedder.EclipseLogger - Copying 0 resource
2020-09-14 19:47:19,444 [Worker-68: Building] INFO  o.e.m.c.i.embedder.EclipseLogger - Copying 1 resource
2020-09-14 19:47:19,449 [Worker-68: Building] INFO  o.e.m.c.i.embedder.EclipseLogger - Using 'UTF-8' encoding to copy filtered resources.
2020-09-14 19:47:19,449 [Worker-68: Building] INFO  o.e.m.c.i.embedder.EclipseLogger - skip non existing resourceDirectory C:\Users\colin\eclipse-workspace\Week 14 Assignment\inventorymanagement\src\test\resources
2020-09-19 09:21:32,548 [Worker-6: Loading available Gradle versions] INFO  o.e.b.c.i.u.g.PublishedGradleVersions - Gradle version information cache is out-of-date. Trying to update.
2020-09-19 09:45:15,413 [Worker-30: Building] INFO  o.e.m.c.i.embedder.EclipseLogger - Using 'UTF-8' encoding to copy filtered resources.
2020-09-19 09:45:15,420 [Worker-30: Building] INFO  o.e.m.c.i.embedder.EclipseLogger - Copying 1 resource
2020-09-19 09:45:15,430 [Worker-30: Building] INFO  o.e.m.c.i.embedder.EclipseLogger - Copying 1 resource
2020-09-19 09:45:15,439 [Worker-30: Building] INFO  o.e.m.c.i.embedder.EclipseLogger - Using 'UTF-8' encoding to copy filtered resources.
2020-09-19 09:45:15,439 [Worker-30: Building] INFO  o.e.m.c.i.embedder.EclipseLogger - skip non existing resourceDirectory C:\Users\colin\eclipse-workspace\Week 14 Assignment\inventorymanagement\src\test\resources
2020-09-19 09:45:16,509 [Worker-29: Building] INFO  o.e.m.c.i.embedder.EclipseLogger - Using 'UTF-8' encoding to copy filtered resources.
2020-09-19 09:45:16,511 [Worker-29: Building] INFO  o.e.m.c.i.embedder.EclipseLogger - Copying 1 resource
2020-09-19 09:45:16,512 [Worker-29: Building] INFO  o.e.m.c.i.embedder.EclipseLogger - Copying 1 resource
2020-09-19 09:45:16,514 [Worker-29: Building] INFO  o.e.m.c.i.embedder.EclipseLogger - Using 'UTF-8' encoding to copy filtered resources.
2020-09-19 09:45:16,514 [Worker-29: Building] INFO  o.e.m.c.i.embedder.EclipseLogger - skip non existing resourceDirectory C:\Users\colin\eclipse-workspace\Week 14 Assignment\inventorymanagement\src\test\resources
2020-09-19 09:56:08,791 [Worker-30: Building] INFO  o.e.m.c.i.embedder.EclipseLogger - Using 'UTF-8' encoding to copy filtered resources.
2020-09-19 09:56:08,792 [Worker-30: Building] INFO  o.e.m.c.i.embedder.EclipseLogger - Copying 1 resource
2020-09-19 09:56:08,793 [Worker-30: Building] INFO  o.e.m.c.i.embedder.EclipseLogger - Copying 0 resource
2020-09-19 09:56:08,794 [Worker-30: Building] INFO  o.e.m.c.i.embedder.EclipseLogger - Using 'UTF-8' encoding to copy filtered resources.
2020-09-19 09:56:08,795 [Worker-30: Building] INFO  o.e.m.c.i.embedder.EclipseLogger - skip non existing resourceDirectory C:\Users\colin\eclipse-workspace\Week 14 Assignment\inventorymanagement\src\test\resources
